{
  "RSpec": {
    "coverage": {
      "/root/strategiesCS3300/app/controllers/strategies_controller.rb": {
        "lines": [
          1,
          1,
          null,
          null,
          1,
          1,
          null,
          null,
          null,
          1,
          null,
          null,
          null,
          1,
          0,
          null,
          null,
          null,
          1,
          null,
          null,
          null,
          1,
          0,
          null,
          0,
          0,
          0,
          0,
          null,
          0,
          0,
          null,
          null,
          null,
          null,
          null,
          1,
          0,
          0,
          0,
          0,
          null,
          0,
          0,
          null,
          null,
          null,
          null,
          null,
          1,
          0,
          null,
          0,
          0,
          0,
          null,
          null,
          null,
          1,
          null,
          1,
          0,
          null,
          null,
          null,
          1,
          0,
          null,
          null
        ]
      },
      "/root/strategiesCS3300/app/controllers/application_controller.rb": {
        "lines": [
          1,
          null
        ]
      },
      "/root/strategiesCS3300/app/models/strategy.rb": {
        "lines": [
          1,
          null,
          1,
          19,
          1,
          null,
          18,
          null,
          null,
          null,
          1,
          14,
          13,
          null,
          1,
          null,
          null,
          null,
          null
        ]
      },
      "/root/strategiesCS3300/app/models/application_record.rb": {
        "lines": [
          1,
          1,
          null
        ]
      },
      "/root/strategiesCS3300/app/channels/application_cable/channel.rb": {
        "lines": [
          0,
          0,
          0,
          0
        ],
        "branches": {
        }
      },
      "/root/strategiesCS3300/app/channels/application_cable/connection.rb": {
        "lines": [
          0,
          0,
          0,
          0
        ],
        "branches": {
        }
      },
      "/root/strategiesCS3300/app/helpers/application_helper.rb": {
        "lines": [
          0,
          0
        ],
        "branches": {
        }
      },
      "/root/strategiesCS3300/app/helpers/strategies_helper.rb": {
        "lines": [
          0,
          0
        ],
        "branches": {
        }
      },
      "/root/strategiesCS3300/app/jobs/application_job.rb": {
        "lines": [
          0,
          null,
          null,
          null,
          null,
          null,
          0
        ],
        "branches": {
        }
      },
      "/root/strategiesCS3300/app/mailers/application_mailer.rb": {
        "lines": [
          0,
          0,
          0,
          0
        ],
        "branches": {
        }
      }
    },
    "timestamp": 1682640750
  }
}
